<?xml version="1.0" encoding="UTF-8"?>
<testng-results ignored="0" total="1" passed="1" failed="0" skipped="0">
  <reporter-output>
  </reporter-output>
  <suite started-at="2022-11-10T20:39:00 IST" name="Default suite" finished-at="2022-11-10T20:39:12 IST" duration-ms="11479">
    <groups>
    </groups>
    <test started-at="2022-11-10T20:39:00 IST" name="Default test" finished-at="2022-11-10T20:39:12 IST" duration-ms="11479">
      <class name="scripting.TestCase1">
        <test-method is-config="true" signature="openapp()[pri:0, instance:scripting.TestCase1@5c30a9b0]" started-at="2022-11-10T20:39:00 IST" name="openapp" finished-at="2022-11-10T20:39:08 IST" duration-ms="7431" status="PASS">
          <reporter-output>
          </reporter-output>
        </test-method> <!-- openapp -->
        <test-method signature="tc1()[pri:0, instance:scripting.TestCase1@5c30a9b0]" started-at="2022-11-10T20:39:08 IST" name="tc1" finished-at="2022-11-10T20:39:12 IST" duration-ms="3668" status="PASS">
          <reporter-output>
          </reporter-output>
        </test-method> <!-- tc1 -->
        <test-method is-config="true" signature="closeapp(org.testng.ITestResult)[pri:0, instance:scripting.TestCase1@5c30a9b0]" started-at="2022-11-10T20:39:12 IST" name="closeapp" finished-at="2022-11-10T20:39:12 IST" duration-ms="298" status="PASS">
          <params>
            <param index="0">
              <value>
                <![CDATA[[TestResult name=tc1 status=SUCCESS method=TestCase1.tc1()[pri:0, instance:scripting.TestCase1@5c30a9b0] output={null}]]]>
              </value>
            </param>
          </params>
          <reporter-output>
          </reporter-output>
        </test-method> <!-- closeapp -->
      </class> <!-- scripting.TestCase1 -->
    </test> <!-- Default test -->
  </suite> <!-- Default suite -->
</testng-results>
